<?xml version="1.0" encoding="UTF-8"?>
<!-- Generated by org.testng.reporters.JUnitReportReporter -->
<testsuite hostname="DESKTOP-65ORIUD" failures="0" tests="1" name="packageofamazon1.Project_Maven_Amazon.TestCase1" time="39.812" errors="0" timestamp="2025-01-30T22:27:20 IST" skipped="0">
  <testcase classname="packageofamazon1.Project_Maven_Amazon.TestCase1" name="test" time="39.812"/>
  <system-out/>
</testsuite> <!-- packageofamazon1.Project_Maven_Amazon.TestCase1 -->
