<?xml version="1.0" encoding="UTF-8"?>
<!-- Generated by org.testng.reporters.JUnitReportReporter -->
<testsuite hostname="DESKTOP-65ORIUD" failures="0" tests="1" name="packageofamazon1.Project_Maven_Amazon.TestCase3" time="46.729" errors="0" timestamp="2025-02-02T14:17:33 IST" skipped="0">
  <testcase classname="packageofamazon1.Project_Maven_Amazon.TestCase3" name="test" time="46.729"/>
</testsuite> <!-- packageofamazon1.Project_Maven_Amazon.TestCase3 -->
